# JRE version: 6.0_31-b31
# Java VM: OpenJDK 64-Bit Server VM (23.25-b01 mixed mode linux-amd64 compressed oops)
Heap
 PSYoungGen      total 29824K, used 28988K [0x00000000eb8b0000, 0x00000000edda0000, 0x0000000100000000)
  eden space 23872K, 98% used [0x00000000eb8b0000,0x00000000ecfa3d28,0x00000000ed000000)
  from space 5952K, 92% used [0x00000000ed0a0000,0x00000000ed5fb328,0x00000000ed670000)
  to   space 6976K, 0% used [0x00000000ed6d0000,0x00000000ed6d0000,0x00000000edda0000)
 ParOldGen       total 79232K, used 44995K [0x00000000c2a00000, 0x00000000c7760000, 0x00000000eb8b0000)
  object space 79232K, 56% used [0x00000000c2a00000,0x00000000c55f0f70,0x00000000c7760000)
 PSPermGen       total 44800K, used 26636K [0x00000000b8400000, 0x00000000bafc0000, 0x00000000c2a00000)
  object space 44800K, 59% used [0x00000000b8400000,0x00000000b9e032b0,0x00000000bafc0000)
GC Heap History (10 events):
Event: 1067,102 GC heap before
{Heap before GC invocations=149 (full 5):
 PSYoungGen      total 32512K, used 31354K [0x00000000eb8b0000, 0x00000000edfc0000, 0x0000000100000000)
  eden space 26560K, 100% used [0x00000000eb8b0000,0x00000000ed2a0000,0x00000000ed2a0000)
  from space 5952K, 80% used [0x00000000ed360000,0x00000000ed80e990,0x00000000ed930000)
  to   space 6720K, 0% used [0x00000000ed930000,0x00000000ed930000,0x00000000edfc0000)
 ParOldGen       total 76864K, used 54398K [0x00000000c2a00000, 0x00000000c7510000, 0x00000000eb8b0000)
  object space 76864K, 70% used [0x00000000c2a00000,0x00000000c5f1fa38,0x00000000c7510000)
 PSPermGen       total 46016K, used 26631K [0x00000000b8400000, 0x00000000bb0f0000, 0x00000000c2a00000)
  object space 46016K, 57% used [0x00000000b8400000,0x00000000b9e01ec0,0x00000000bb0f0000)
Event: 1067,109 GC heap after
Heap after GC invocations=149 (full 5):
 PSYoungGen      total 31488K, used 317K [0x00000000eb8b0000, 0x00000000edeb0000, 0x0000000100000000)
  eden space 25856K, 0% used [0x00000000eb8b0000,0x00000000eb8b0000,0x00000000ed1f0000)
  from space 5632K, 5% used [0x00000000ed930000,0x00000000ed97f5b0,0x00000000edeb0000)
  to   space 6528K, 0% used [0x00000000ed1f0000,0x00000000ed1f0000,0x00000000ed850000)
 ParOldGen       total 76864K, used 67748K [0x00000000c2a00000, 0x00000000c7510000, 0x00000000eb8b0000)
  object space 76864K, 88% used [0x00000000c2a00000,0x00000000c6c29240,0x00000000c7510000)
 PSPermGen       total 46016K, used 26631K [0x00000000b8400000, 0x00000000bb0f0000, 0x00000000c2a00000)
  object space 46016K, 57% used [0x00000000b8400000,0x00000000b9e01ec0,0x00000000bb0f0000)
}
Event: 1067,109 GC heap before
{Heap before GC invocations=150 (full 6):
 PSYoungGen      total 31488K, used 317K [0x00000000eb8b0000, 0x00000000edeb0000, 0x0000000100000000)
  eden space 25856K, 0% used [0x00000000eb8b0000,0x00000000eb8b0000,0x00000000ed1f0000)
  from space 5632K, 5% used [0x00000000ed930000,0x00000000ed97f5b0,0x00000000edeb0000)
  to   space 6528K, 0% used [0x00000000ed1f0000,0x00000000ed1f0000,0x00000000ed850000)
 ParOldGen       total 76864K, used 67748K [0x00000000c2a00000, 0x00000000c7510000, 0x00000000eb8b0000)
  object space 76864K, 88% used [0x00000000c2a00000,0x00000000c6c29240,0x00000000c7510000)
 PSPermGen       total 46016K, used 26631K [0x00000000b8400000, 0x00000000bb0f0000, 0x00000000c2a00000)
  object space 46016K, 57% used [0x00000000b8400000,0x00000000b9e01ec0,0x00000000bb0f0000)
Event: 1067,198 GC heap after
Heap after GC invocations=150 (full 6):
 PSYoungGen      total 31488K, used 0K [0x00000000eb8b0000, 0x00000000edeb0000, 0x0000000100000000)
  eden space 25856K, 0% used [0x00000000eb8b0000,0x00000000eb8b0000,0x00000000ed1f0000)
  from space 5632K, 0% used [0x00000000ed930000,0x00000000ed930000,0x00000000edeb0000)
  to   space 6528K, 0% used [0x00000000ed1f0000,0x00000000ed1f0000,0x00000000ed850000)
 ParOldGen       total 79232K, used 43048K [0x00000000c2a00000, 0x00000000c7760000, 0x00000000eb8b0000)
  object space 79232K, 54% used [0x00000000c2a00000,0x00000000c540a350,0x00000000c7760000)
 PSPermGen       total 44800K, used 26631K [0x00000000b8400000, 0x00000000bafc0000, 0x00000000c2a00000)
  object space 44800K, 59% used [0x00000000b8400000,0x00000000b9e01e60,0x00000000bafc0000)
}
Event: 1094,375 GC heap before
{Heap before GC invocations=151 (full 6):
 PSYoungGen      total 31488K, used 25849K [0x00000000eb8b0000, 0x00000000edeb0000, 0x0000000100000000)
  eden space 25856K, 99% used [0x00000000eb8b0000,0x00000000ed1ee5e8,0x00000000ed1f0000)
  from space 5632K, 0% used [0x00000000ed930000,0x00000000ed930000,0x00000000edeb0000)
  to   space 6528K, 0% used [0x00000000ed1f0000,0x00000000ed1f0000,0x00000000ed850000)
 ParOldGen       total 79232K, used 43048K [0x00000000c2a00000, 0x00000000c7760000, 0x00000000eb8b0000)
  object space 79232K, 54% used [0x00000000c2a00000,0x00000000c540a350,0x00000000c7760000)
 PSPermGen       total 44800K, used 26631K [0x00000000b8400000, 0x00000000bafc0000, 0x00000000c2a00000)
  object space 44800K, 59% used [0x00000000b8400000,0x00000000b9e01ea0,0x00000000bafc0000)
Event: 1094,378 GC heap after
Heap after GC invocations=151 (full 6):
 PSYoungGen      total 25664K, used 474K [0x00000000eb8b0000, 0x00000000edd80000, 0x0000000100000000)
  eden space 25152K, 0% used [0x00000000eb8b0000,0x00000000eb8b0000,0x00000000ed140000)
  from space 512K, 92% used [0x00000000ed1f0000,0x00000000ed266b68,0x00000000ed270000)
  to   space 6272K, 0% used [0x00000000ed760000,0x00000000ed760000,0x00000000edd80000)
 ParOldGen       total 79232K, used 43048K [0x00000000c2a00000, 0x00000000c7760000, 0x00000000eb8b0000)
  object space 79232K, 54% used [0x00000000c2a00000,0x00000000c540a350,0x00000000c7760000)
 PSPermGen       total 44800K, used 26631K [0x00000000b8400000, 0x00000000bafc0000, 0x00000000c2a00000)
  object space 44800K, 59% used [0x00000000b8400000,0x00000000b9e01ea0,0x00000000bafc0000)
}
Event: 1100,355 GC heap before
{Heap before GC invocations=152 (full 6):
 PSYoungGen      total 25664K, used 25626K [0x00000000eb8b0000, 0x00000000edd80000, 0x0000000100000000)
  eden space 25152K, 100% used [0x00000000eb8b0000,0x00000000ed140000,0x00000000ed140000)
  from space 512K, 92% used [0x00000000ed1f0000,0x00000000ed266b68,0x00000000ed270000)
  to   space 6272K, 0% used [0x00000000ed760000,0x00000000ed760000,0x00000000edd80000)
 ParOldGen       total 79232K, used 43048K [0x00000000c2a00000, 0x00000000c7760000, 0x00000000eb8b0000)
  object space 79232K, 54% used [0x00000000c2a00000,0x00000000c540a350,0x00000000c7760000)
 PSPermGen       total 44800K, used 26631K [0x00000000b8400000, 0x00000000bafc0000, 0x00000000c2a00000)
  object space 44800K, 59% used [0x00000000b8400000,0x00000000b9e01f48,0x00000000bafc0000)
Event: 1100,357 GC heap after
Heap after GC invocations=152 (full 6):
 PSYoungGen      total 29504K, used 869K [0x00000000eb8b0000, 0x00000000edc40000, 0x0000000100000000)
  eden space 24512K, 0% used [0x00000000eb8b0000,0x00000000eb8b0000,0x00000000ed0a0000)
  from space 4992K, 17% used [0x00000000ed760000,0x00000000ed8396b8,0x00000000edc40000)
  to   space 5952K, 0% used [0x00000000ed0a0000,0x00000000ed0a0000,0x00000000ed670000)
 ParOldGen       total 79232K, used 43048K [0x00000000c2a00000, 0x00000000c7760000, 0x00000000eb8b0000)
  object space 79232K, 54% used [0x00000000c2a00000,0x00000000c540a350,0x00000000c7760000)
 PSPermGen       total 44800K, used 26631K [0x00000000b8400000, 0x00000000bafc0000, 0x00000000c2a00000)
  object space 44800K, 59% used [0x00000000b8400000,0x00000000b9e01f48,0x00000000bafc0000)
}
Event: 1108,210 GC heap before
{Heap before GC invocations=153 (full 6):
 PSYoungGen      total 29504K, used 25381K [0x00000000eb8b0000, 0x00000000edc40000, 0x0000000100000000)
  eden space 24512K, 100% used [0x00000000eb8b0000,0x00000000ed0a0000,0x00000000ed0a0000)
  from space 4992K, 17% used [0x00000000ed760000,0x00000000ed8396b8,0x00000000edc40000)
  to   space 5952K, 0% used [0x00000000ed0a0000,0x00000000ed0a0000,0x00000000ed670000)
 ParOldGen       total 79232K, used 43048K [0x00000000c2a00000, 0x00000000c7760000, 0x00000000eb8b0000)
  object space 79232K, 54% used [0x00000000c2a00000,0x00000000c540a350,0x00000000c7760000)
 PSPermGen       total 44800K, used 26636K [0x00000000b8400000, 0x00000000bafc0000, 0x00000000c2a00000)
  object space 44800K, 59% used [0x00000000b8400000,0x00000000b9e031b0,0x00000000bafc0000)
Event: 1108,215 GC heap after
Heap after GC invocations=153 (full 6):
 PSYoungGen      total 29824K, used 5484K [0x00000000eb8b0000, 0x00000000edda0000, 0x0000000100000000)
  eden space 23872K, 0% used [0x00000000eb8b0000,0x00000000eb8b0000,0x00000000ed000000)
  from space 5952K, 92% used [0x00000000ed0a0000,0x00000000ed5fb328,0x00000000ed670000)
  to   space 6976K, 0% used [0x00000000ed6d0000,0x00000000ed6d0000,0x00000000edda0000)
 ParOldGen       total 79232K, used 44995K [0x00000000c2a00000, 0x00000000c7760000, 0x00000000eb8b0000)
  object space 79232K, 56% used [0x00000000c2a00000,0x00000000c55f0f70,0x00000000c7760000)
 PSPermGen       total 44800K, used 26636K [0x00000000b8400000, 0x00000000bafc0000, 0x00000000c2a00000)
  object space 44800K, 59% used [0x00000000b8400000,0x00000000b9e031b0,0x00000000bafc0000)
}

